
11월 03, 2020 12:21:25.36 NEW SESSION
11월 03, 2020 12:21:25.36 [1103/122125.334:ERROR:directory_reader_win.cc(43)] FindFirstFile: 지정된 경로를 찾을 수 없습니다. (0x3)

11월 06, 2020 09:11:57.55 NEW SESSION
11월 06, 2020 09:11:57.55 [1106/091157.530:ERROR:directory_reader_win.cc(43)] FindFirstFile: 지정된 경로를 찾을 수 없습니다. (0x3)
11월 06, 2020 09:29:58.13 [1106/092958.136:ERROR:directory_reader_win.cc(43)] FindFirstFile: 지정된 경로를 찾을 수 없습니다. (0x3)
11월 06, 2020 12:36:49.16 [1828:13848:1106/123649.162:ERROR:CONSOLE(1)] "No document", source: devtools://devtools/bundled/sdk/sdk.js (1)
11월 06, 2020 12:38:55.91 [1828:13848:1106/123855.913:ERROR:CONSOLE(1)] "No document", source: devtools://devtools/bundled/sdk/sdk.js (1)
11월 06, 2020 12:39:23.33 [1828:13848:1106/123923.330:ERROR:CONSOLE(1)] "No document", source: devtools://devtools/bundled/sdk/sdk.js (1)
11월 06, 2020 12:39:29.17 [1828:13848:1106/123929.177:ERROR:CONSOLE(1)] "No document", source: devtools://devtools/bundled/sdk/sdk.js (1)
11월 06, 2020 12:45:11.09 [1828:13848:1106/124511.092:ERROR:CONSOLE(1)] "No document", source: devtools://devtools/bundled/sdk/sdk.js (1)
11월 06, 2020 12:45:44.85 [1828:13848:1106/124544.858:ERROR:CONSOLE(1)] "No document", source: devtools://devtools/bundled/sdk/sdk.js (1)
11월 06, 2020 12:45:51.59 [1828:13848:1106/124551.592:ERROR:CONSOLE(1)] "No document", source: devtools://devtools/bundled/sdk/sdk.js (1)
11월 06, 2020 12:45:56.39 [1828:13848:1106/124556.392:ERROR:CONSOLE(1)] "No document", source: devtools://devtools/bundled/sdk/sdk.js (1)
11월 06, 2020 13:25:09.55 [1828:13848:1106/132509.554:ERROR:CONSOLE(1)] "No document", source: devtools://devtools/bundled/sdk/sdk.js (1)
11월 06, 2020 13:41:47.12 [1828:13848:1106/134147.121:ERROR:CONSOLE(1)] "No document", source: devtools://devtools/bundled/sdk/sdk.js (1)
11월 06, 2020 13:41:57.92 [1828:13848:1106/134157.920:ERROR:CONSOLE(1)] "No document", source: devtools://devtools/bundled/sdk/sdk.js (1)
11월 06, 2020 13:45:22.85 [1828:13848:1106/134522.857:ERROR:CONSOLE(1)] "No document", source: devtools://devtools/bundled/sdk/sdk.js (1)
11월 06, 2020 15:01:11.08 [1828:13848:1106/150111.086:ERROR:CONSOLE(1)] "No document", source: devtools://devtools/bundled/sdk/sdk.js (1)
11월 06, 2020 15:12:07.21 [1828:13848:1106/151207.214:ERROR:CONSOLE(1)] "No document", source: devtools://devtools/bundled/sdk/sdk.js (1)

11월 09, 2020 08:56:53.92 NEW SESSION
11월 09, 2020 08:56:53.92 [17900:1948:1109/085653.920:ERROR:CONSOLE(1)] "No document", source: devtools://devtools/bundled/sdk/sdk.js (1)
11월 09, 2020 08:56:55.81 [17900:1948:1109/085655.812:ERROR:CONSOLE(1)] "No document", source: devtools://devtools/bundled/sdk/sdk.js (1)
11월 09, 2020 08:57:02.89 [17900:1948:1109/085702.897:ERROR:CONSOLE(1)] "No document", source: devtools://devtools/bundled/sdk/sdk.js (1)
11월 09, 2020 08:57:09.14 [17900:1948:1109/085709.141:ERROR:CONSOLE(1)] "No document", source: devtools://devtools/bundled/sdk/sdk.js (1)
11월 09, 2020 08:57:19.10 [17900:1948:1109/085719.107:ERROR:CONSOLE(1)] "No document", source: devtools://devtools/bundled/sdk/sdk.js (1)
11월 09, 2020 08:57:45.99 [17900:1948:1109/085745.998:ERROR:CONSOLE(1)] "No document", source: devtools://devtools/bundled/sdk/sdk.js (1)
11월 09, 2020 08:58:50.26 [17900:1948:1109/085850.267:ERROR:CONSOLE(1)] "No document", source: devtools://devtools/bundled/sdk/sdk.js (1)
11월 09, 2020 08:58:54.36 [17900:1948:1109/085854.368:ERROR:CONSOLE(1)] "No document", source: devtools://devtools/bundled/sdk/sdk.js (1)
11월 09, 2020 08:59:03.68 [17900:1948:1109/085903.686:ERROR:CONSOLE(1)] "No document", source: devtools://devtools/bundled/sdk/sdk.js (1)
11월 09, 2020 08:59:51.06 [17900:1948:1109/085951.059:ERROR:CONSOLE(1)] "No document", source: devtools://devtools/bundled/sdk/sdk.js (1)
11월 09, 2020 09:01:40.54 [1109/090140.541:ERROR:directory_reader_win.cc(43)] FindFirstFile: 지정된 경로를 찾을 수 없습니다. (0x3)
11월 09, 2020 09:01:54.29 [17900:1948:1109/090154.289:ERROR:CONSOLE(1)] "No document", source: devtools://devtools/bundled/sdk/sdk.js (1)
11월 09, 2020 09:02:04.22 [17900:1948:1109/090204.222:ERROR:CONSOLE(1)] "No document", source: devtools://devtools/bundled/sdk/sdk.js (1)
11월 09, 2020 09:02:13.22 [17900:1948:1109/090213.221:ERROR:CONSOLE(1)] "No document", source: devtools://devtools/bundled/sdk/sdk.js (1)
11월 09, 2020 09:03:13.62 [17900:1948:1109/090313.619:ERROR:CONSOLE(1)] "No document", source: devtools://devtools/bundled/sdk/sdk.js (1)
11월 09, 2020 09:03:35.25 [17900:1948:1109/090335.258:ERROR:CONSOLE(1)] "No document", source: devtools://devtools/bundled/sdk/sdk.js (1)
11월 09, 2020 09:04:56.46 [17900:1948:1109/090456.469:ERROR:CONSOLE(1)] "No document", source: devtools://devtools/bundled/sdk/sdk.js (1)
11월 09, 2020 09:05:03.90 [17900:1948:1109/090503.900:ERROR:CONSOLE(1)] "No document", source: devtools://devtools/bundled/sdk/sdk.js (1)
11월 09, 2020 09:06:15.18 [17900:1948:1109/090615.188:ERROR:CONSOLE(1)] "No document", source: devtools://devtools/bundled/sdk/sdk.js (1)
11월 09, 2020 09:06:49.79 [17900:1948:1109/090649.791:ERROR:CONSOLE(1)] "No document", source: devtools://devtools/bundled/sdk/sdk.js (1)
11월 09, 2020 09:08:00.59 [17900:1948:1109/090800.594:ERROR:CONSOLE(1)] "No document", source: devtools://devtools/bundled/sdk/sdk.js (1)
11월 09, 2020 09:51:26.37 [17900:1948:1109/095126.374:ERROR:CONSOLE(1)] "No document", source: devtools://devtools/bundled/sdk/sdk.js (1)
11월 09, 2020 09:51:34.25 [17900:1948:1109/095134.258:ERROR:CONSOLE(1)] "No document", source: devtools://devtools/bundled/sdk/sdk.js (1)
11월 09, 2020 09:53:59.84 [17900:1948:1109/095359.840:ERROR:CONSOLE(1)] "No document", source: devtools://devtools/bundled/sdk/sdk.js (1)
11월 09, 2020 09:54:13.46 [17900:1948:1109/095413.467:ERROR:CONSOLE(1)] "No document", source: devtools://devtools/bundled/sdk/sdk.js (1)
11월 09, 2020 10:43:02.55 [17900:1948:1109/104302.550:ERROR:CONSOLE(1)] "No document", source: devtools://devtools/bundled/sdk/sdk.js (1)
11월 09, 2020 10:52:07.31 [17900:1948:1109/105207.316:ERROR:CONSOLE(1)] "No document", source: devtools://devtools/bundled/sdk/sdk.js (1)
11월 09, 2020 10:53:41.77 [17900:1948:1109/105341.770:ERROR:CONSOLE(1)] "No document", source: devtools://devtools/bundled/sdk/sdk.js (1)
11월 09, 2020 10:53:54.00 [17900:1948:1109/105354.007:ERROR:CONSOLE(1)] "No document", source: devtools://devtools/bundled/sdk/sdk.js (1)
11월 09, 2020 10:56:37.44 [17900:1948:1109/105637.444:ERROR:CONSOLE(1)] "No document", source: devtools://devtools/bundled/sdk/sdk.js (1)
11월 09, 2020 10:57:07.39 [17900:1948:1109/105707.390:ERROR:CONSOLE(1)] "No document", source: devtools://devtools/bundled/sdk/sdk.js (1)
11월 09, 2020 10:57:09.32 [17900:1948:1109/105709.323:ERROR:CONSOLE(1)] "No document", source: devtools://devtools/bundled/sdk/sdk.js (1)
11월 09, 2020 10:57:17.57 [17900:1948:1109/105717.574:ERROR:CONSOLE(1)] "No document", source: devtools://devtools/bundled/sdk/sdk.js (1)
11월 09, 2020 10:58:34.16 [17900:1948:1109/105834.167:ERROR:CONSOLE(1)] "No document", source: devtools://devtools/bundled/sdk/sdk.js (1)
11월 09, 2020 10:59:02.82 [17900:1948:1109/105902.826:ERROR:CONSOLE(1)] "No document", source: devtools://devtools/bundled/sdk/sdk.js (1)
11월 09, 2020 11:00:09.25 [17900:1948:1109/110009.255:ERROR:CONSOLE(1)] "No document", source: devtools://devtools/bundled/sdk/sdk.js (1)
11월 09, 2020 11:02:28.50 [17900:1948:1109/110228.500:ERROR:CONSOLE(1)] "No document", source: devtools://devtools/bundled/sdk/sdk.js (1)
11월 09, 2020 11:02:37.76 [17900:1948:1109/110237.760:ERROR:CONSOLE(1)] "No document", source: devtools://devtools/bundled/sdk/sdk.js (1)
11월 09, 2020 11:03:13.61 [17900:1948:1109/110313.616:ERROR:CONSOLE(1)] "No document", source: devtools://devtools/bundled/sdk/sdk.js (1)
11월 09, 2020 11:03:16.66 [17900:1948:1109/110316.661:ERROR:CONSOLE(1)] "No document", source: devtools://devtools/bundled/sdk/sdk.js (1)
11월 09, 2020 11:03:24.38 [17900:1948:1109/110324.389:ERROR:CONSOLE(1)] "No document", source: devtools://devtools/bundled/sdk/sdk.js (1)
11월 09, 2020 11:03:33.37 [17900:1948:1109/110333.369:ERROR:CONSOLE(1)] "No document", source: devtools://devtools/bundled/sdk/sdk.js (1)
11월 09, 2020 11:03:54.61 [17900:1948:1109/110354.611:ERROR:CONSOLE(1)] "No document", source: devtools://devtools/bundled/sdk/sdk.js (1)
11월 09, 2020 11:05:25.50 [17900:1948:1109/110525.502:ERROR:CONSOLE(1)] "No document", source: devtools://devtools/bundled/sdk/sdk.js (1)
11월 09, 2020 11:05:55.78 [17900:1948:1109/110555.782:ERROR:CONSOLE(1)] "No document", source: devtools://devtools/bundled/sdk/sdk.js (1)
11월 09, 2020 11:05:57.78 [17900:1948:1109/110557.785:ERROR:CONSOLE(1)] "No document", source: devtools://devtools/bundled/sdk/sdk.js (1)
11월 09, 2020 11:05:59.47 [17900:1948:1109/110559.470:ERROR:CONSOLE(1)] "No document", source: devtools://devtools/bundled/sdk/sdk.js (1)
11월 09, 2020 11:06:36.39 [17900:1948:1109/110636.391:ERROR:CONSOLE(1)] "No document", source: devtools://devtools/bundled/sdk/sdk.js (1)
11월 09, 2020 15:01:25.56 [17900:1948:1109/150125.562:ERROR:CONSOLE(1)] "No document", source: devtools://devtools/bundled/sdk/sdk.js (1)
11월 09, 2020 15:05:20.64 [17900:1948:1109/150520.642:ERROR:CONSOLE(1)] "No document", source: devtools://devtools/bundled/sdk/sdk.js (1)
11월 09, 2020 15:05:23.96 [17900:1948:1109/150523.964:ERROR:CONSOLE(1)] "No document", source: devtools://devtools/bundled/sdk/sdk.js (1)
11월 09, 2020 15:05:36.00 [17900:1948:1109/150536.009:ERROR:CONSOLE(1)] "No document", source: devtools://devtools/bundled/sdk/sdk.js (1)
11월 09, 2020 15:22:16.15 [17900:21212:1109/152216.153:ERROR:connection_factory_impl.cc(428)] Failed to connect to MCS endpoint with error -118
11월 09, 2020 15:22:42.63 [17900:21212:1109/152242.638:ERROR:connection_factory_impl.cc(428)] Failed to connect to MCS endpoint with error -106
11월 09, 2020 15:23:38.80 [17900:21212:1109/152338.801:ERROR:connection_factory_impl.cc(428)] Failed to connect to MCS endpoint with error -106
11월 09, 2020 19:33:12.22 [17900:21212:1109/193312.221:ERROR:connection_factory_impl.cc(428)] Failed to connect to MCS endpoint with error -106
11월 09, 2020 19:33:12.23 [17900:24336:1109/193312.222:ERROR:get_updates_processor.cc(257)] PostClientToServerMessage() failed during GetUpdates with error 2
11월 10, 2020 08:49:25.69 [17900:21212:1110/084925.697:ERROR:socket_stream.cc(219)] Closing stream with result -2
11월 10, 2020 08:49:27.74 [17900:21212:1110/084927.747:ERROR:connection_factory_impl.cc(428)] Failed to connect to MCS endpoint with error -106
11월 10, 2020 13:15:05.25 [17900:1948:1110/131505.255:ERROR:CONSOLE(1)] "No document", source: devtools://devtools/bundled/sdk/sdk.js (1)

11월 16, 2020 08:58:05.25 NEW SESSION
11월 16, 2020 08:58:05.25 [1116/085805.244:ERROR:directory_reader_win.cc(43)] FindFirstFile: 지정된 경로를 찾을 수 없습니다. (0x3)
11월 16, 2020 11:42:36.27 [12704:23556:1116/114236.262:ERROR:CONSOLE(1)] "No document", source: devtools://devtools/bundled/sdk/sdk.js (1)
11월 16, 2020 11:43:56.94 [12704:23556:1116/114356.945:ERROR:CONSOLE(1)] "No document", source: devtools://devtools/bundled/sdk/sdk.js (1)
11월 16, 2020 11:45:39.83 [12704:23556:1116/114539.832:ERROR:CONSOLE(1)] "No document", source: devtools://devtools/bundled/sdk/sdk.js (1)
11월 16, 2020 11:47:31.16 [12704:23556:1116/114731.164:ERROR:CONSOLE(1)] "No document", source: devtools://devtools/bundled/sdk/sdk.js (1)
11월 16, 2020 12:21:02.84 [12704:23556:1116/122102.844:ERROR:CONSOLE(1)] "No document", source: devtools://devtools/bundled/sdk/sdk.js (1)
11월 16, 2020 12:21:05.15 [12704:23556:1116/122105.149:ERROR:CONSOLE(1)] "No document", source: devtools://devtools/bundled/sdk/sdk.js (1)
11월 16, 2020 12:21:12.78 [12704:23556:1116/122112.784:ERROR:CONSOLE(1)] "No document", source: devtools://devtools/bundled/sdk/sdk.js (1)
11월 16, 2020 12:25:17.77 [12704:23556:1116/122517.773:ERROR:CONSOLE(1)] "No document", source: devtools://devtools/bundled/sdk/sdk.js (1)
11월 16, 2020 12:38:32.35 [12704:23556:1116/123832.357:ERROR:CONSOLE(1)] "No document", source: devtools://devtools/bundled/sdk/sdk.js (1)
11월 16, 2020 12:38:33.76 [12704:23556:1116/123833.760:ERROR:CONSOLE(1)] "No document", source: devtools://devtools/bundled/sdk/sdk.js (1)
11월 16, 2020 12:38:36.92 [12704:23556:1116/123836.926:ERROR:CONSOLE(1)] "No document", source: devtools://devtools/bundled/sdk/sdk.js (1)
11월 16, 2020 12:38:37.93 [12704:23556:1116/123837.933:ERROR:CONSOLE(1)] "No document", source: devtools://devtools/bundled/sdk/sdk.js (1)
11월 16, 2020 12:38:46.16 [12704:23556:1116/123846.162:ERROR:CONSOLE(1)] "No document", source: devtools://devtools/bundled/sdk/sdk.js (1)
11월 16, 2020 12:44:25.86 [12704:23556:1116/124425.867:ERROR:CONSOLE(1)] "No document", source: devtools://devtools/bundled/sdk/sdk.js (1)
11월 16, 2020 12:44:58.86 [12704:23556:1116/124458.865:ERROR:CONSOLE(1)] "No document", source: devtools://devtools/bundled/sdk/sdk.js (1)
11월 16, 2020 12:45:04.52 [12704:23556:1116/124504.522:ERROR:CONSOLE(1)] "No document", source: devtools://devtools/bundled/sdk/sdk.js (1)
11월 16, 2020 12:46:20.55 [12704:23556:1116/124620.551:ERROR:CONSOLE(1)] "No document", source: devtools://devtools/bundled/sdk/sdk.js (1)
11월 16, 2020 12:47:16.87 [12704:23556:1116/124716.873:ERROR:CONSOLE(1)] "No document", source: devtools://devtools/bundled/sdk/sdk.js (1)
11월 16, 2020 12:47:40.39 [12704:23556:1116/124740.398:ERROR:CONSOLE(1)] "No document", source: devtools://devtools/bundled/sdk/sdk.js (1)
11월 16, 2020 12:48:46.18 [12704:23556:1116/124846.185:ERROR:CONSOLE(1)] "No document", source: devtools://devtools/bundled/sdk/sdk.js (1)
11월 16, 2020 12:50:06.38 [12704:23556:1116/125006.387:ERROR:CONSOLE(1)] "No document", source: devtools://devtools/bundled/sdk/sdk.js (1)
11월 16, 2020 12:52:04.16 [12704:23556:1116/125204.160:ERROR:CONSOLE(1)] "No document", source: devtools://devtools/bundled/sdk/sdk.js (1)
11월 16, 2020 12:52:30.92 [12704:23556:1116/125230.924:ERROR:CONSOLE(1)] "No document", source: devtools://devtools/bundled/sdk/sdk.js (1)
11월 16, 2020 12:52:37.01 [12704:23556:1116/125237.011:ERROR:CONSOLE(1)] "No document", source: devtools://devtools/bundled/sdk/sdk.js (1)
11월 16, 2020 12:52:39.64 [12704:23556:1116/125239.643:ERROR:CONSOLE(1)] "No document", source: devtools://devtools/bundled/sdk/sdk.js (1)
11월 16, 2020 14:51:44.33 [12704:23556:1116/145144.334:ERROR:CONSOLE(1)] "No document", source: devtools://devtools/bundled/sdk/sdk.js (1)
11월 16, 2020 14:51:46.86 [12704:23556:1116/145146.860:ERROR:CONSOLE(1)] "No document", source: devtools://devtools/bundled/sdk/sdk.js (1)
11월 16, 2020 14:51:49.19 [12704:23556:1116/145149.188:ERROR:CONSOLE(1)] "No document", source: devtools://devtools/bundled/sdk/sdk.js (1)
11월 16, 2020 14:55:23.47 [4880:22660:1116/145523.473:ERROR:CONSOLE(1)] "No document", source: devtools://devtools/bundled/sdk/sdk.js (1)
11월 16, 2020 15:05:15.18 [1116/150515.182:ERROR:directory_reader_win.cc(43)] FindFirstFile: 지정된 경로를 찾을 수 없습니다. (0x3)
11월 16, 2020 15:18:29.82 [10612:3852:1116/151829.827:ERROR:CONSOLE(1)] "No document", source: devtools://devtools/bundled/sdk/sdk.js (1)
11월 16, 2020 15:18:34.62 [10612:3852:1116/151834.622:ERROR:CONSOLE(1)] "No document", source: devtools://devtools/bundled/sdk/sdk.js (1)
11월 16, 2020 16:16:59.62 [10612:17384:1116/161659.626:ERROR:socket_stream.cc(219)] Closing stream with result -2
11월 16, 2020 16:25:27.66 [1116/162527.662:ERROR:directory_reader_win.cc(43)] FindFirstFile: 지정된 경로를 찾을 수 없습니다. (0x3)
11월 16, 2020 18:19:31.80 [10612:17384:1116/181931.799:ERROR:socket_stream.cc(219)] Closing stream with result -2
